<?xml version="1.0" encoding="utf-8"?><testsuites name="pytest tests"><testsuite name="pytest" errors="0" failures="0" skipped="0" tests="12" time="17.385" timestamp="2026-09-10T13:52:13.203149+00:00" hostname="agent-env-61a506fd-52c6-4b5b-a22f-847f46e7506a"><testcase classname="tests.test_iter8_auth_zones_menu" name="test_login_owner_by_username_works" time="0.245" /><testcase classname="tests.test_iter8_auth_zones_menu" name="test_brute_force_lockout_on_fake_identifier" time="0.018" /><testcase classname="tests.test_iter8_auth_zones_menu" name="test_change_password_flow_on_throwaway" time="1.962" /><testcase classname="tests.test_iter8_auth_zones_menu" name="test_admin_update_credentials_weak_and_strong" time="0.505" /><testcase classname="tests.test_iter8_auth_zones_menu" name="test_admin_reset_password" time="0.494" /><testcase classname="tests.test_iter8_auth_zones_menu" name="test_admin_profile_wrong_current_400" time="0.244" /><testcase classname="tests.test_iter8_auth_zones_menu" name="test_admin_profile_rotate_and_restore" time="1.470" /><testcase classname="tests.test_iter8_auth_zones_menu" name="test_restaurant_update_delivery_mode_invalid_400" time="0.248" /><testcase classname="tests.test_iter8_auth_zones_menu" name="test_restaurant_update_zones_saves_and_returns_ids" time="0.003" /><testcase classname="tests.test_iter8_auth_zones_menu" name="test_simulator_zone_refuses_outside_area_then_quotes_gulberg" time="12.066" /><testcase classname="tests.test_iter8_auth_zones_menu" name="test_menu_categories_bulk_skips_duplicates" time="0.005" /><testcase classname="tests.test_iter8_auth_zones_menu" name="test_menu_items_bulk_parses_variants_and_reports_failed" time="0.070" /></testsuite></testsuites>