<?xml version="1.0" encoding="utf-8"?><testsuites name="pytest tests"><testsuite name="pytest" errors="0" failures="0" skipped="0" tests="39" time="28.289" timestamp="2026-09-03T09:18:20.982345+00:00" hostname="agent-env-74a0b63e-b128-4ed6-b5a3-51e2f2be66d9"><testcase classname="tests.test_regression_waautoma_flows" name="test_owner_login_ok" time="0.403" /><testcase classname="tests.test_iter6_reservations_and_livechat" name="test_restaurant_reservations_toggle_persists" time="0.296" /><testcase classname="tests.test_iter6_reservations_and_livechat" name="test_ai_declines_reservation_when_disabled" time="2.289" /><testcase classname="tests.test_regression_waautoma_flows" name="test_admin_login_ok" time="0.357" /><testcase classname="tests.test_regression_waautoma_flows" name="test_negative_login_401" time="0.606" /><testcase classname="tests.test_regression_waautoma_flows" name="test_no_token_401_on_protected" time="0.120" /><testcase classname="tests.test_regression_waautoma_flows" name="test_menu_categories_and_items" time="0.563" /><testcase classname="tests.test_regression_waautoma_flows" name="test_owner_forbidden_on_admin_routes" time="0.160" /><testcase classname="tests.test_regression_waautoma_flows" name="test_admin_summary_accessible" time="0.494" /><testcase classname="tests.test_regression_waautoma_flows" name="test_gateway_health" time="0.002" /><testcase classname="tests.test_regression_waautoma_flows" name="test_whatsapp_config_endpoint_returns_provider" time="0.104" /><testcase classname="tests.test_regression_waautoma_flows" name="test_simulator_ai_priced_summary" time="6.232" /><testcase classname="tests.test_iter6_reservations_and_livechat" name="test_ai_books_reservation_when_enabled" time="5.328" /><testcase classname="tests.test_iter6_reservations_and_livechat" name="test_reservation_status_lifecycle_and_invalid_400" time="0.026" /><testcase classname="tests.test_iter6_reservations_and_livechat" name="test_reservation_status_404_on_missing" time="0.004" /><testcase classname="tests.test_iter6_reservations_and_livechat" name="test_conversations_list_and_messages" time="0.018" /><testcase classname="tests.test_iter6_reservations_and_livechat" name="test_conversation_handoff_and_human_reply" time="0.027" /><testcase classname="tests.test_iter6_reservations_and_livechat" name="test_handoff_404_on_unknown_conversation" time="0.003" /><testcase classname="tests.test_iter6_uploads_and_address" name="test_upload_image_jpg_success_and_serve" time="1.064" /><testcase classname="tests.test_regression_waautoma_flows" name="test_simulator_confirm_places_order" time="4.823" /><testcase classname="tests.test_iter6_uploads_and_address" name="test_upload_image_rejects_text_400" time="0.103" /><testcase classname="tests.test_iter6_uploads_and_address" name="test_upload_image_no_token_401" time="0.117" /><testcase classname="tests.test_iter6_uploads_and_address" name="test_ai_asks_for_address_or_contact_when_incomplete" time="7.269" /><testcase classname="tests.test_regression_waautoma_flows" name="test_orders_status_update_persists" time="0.428" /><testcase classname="tests.test_regression_waautoma_flows" name="test_customers_page_shows_simulator_customer" time="0.110" /><testcase classname="tests.test_regression_waautoma_flows" name="test_analytics_reflects_orders" time="0.176" /><testcase classname="tests.test_tscheck_admin_login_and_role_gate" name="test_super_admin_login_and_summary_access" time="0.350" /><testcase classname="tests.test_tscheck_admin_login_and_role_gate" name="test_restaurant_owner_forbidden_from_admin_api" time="0.303" /><testcase classname="tests.test_tscheck_admin_settings_and_credentials_protected" name="test_platform_settings_are_editable" time="0.397" /><testcase classname="tests.test_tscheck_admin_settings_and_credentials_protected" name="test_profile_update_requires_current_password_and_audits" time="1.943" /><testcase classname="tests.test_iter6_uploads_and_address" name="test_ai_places_order_after_full_address_and_contact" time="9.153" /><testcase classname="tests.test_tscheck_subscription_gate_preserves_billing" name="test_active_restaurant_can_use_dashboard_apis" time="0.915" /><testcase classname="tests.test_tscheck_subscription_gate_preserves_billing" name="test_suspended_tenant_blocked_from_protected_api_but_billing_accessible" time="0.961" /><testcase classname="tests.test_tscheck_tenant_isolation" name="test_owner_reaches_only_own_dashboard_and_dashboard_apis_work" time="0.438" /><testcase classname="tests.test_tscheck_tenant_isolation" name="test_restaurant_owner_cannot_access_admin_routes" time="0.303" /><testcase classname="tests.test_tscheck_admin_create_restaurant" name="test_create_restaurant_returns_credentials_and_appears_in_list" time="0.887" /><testcase classname="tests.test_tscheck_manual_subscription_management" name="test_subscriptions_list_shows_status_expiry_price" time="0.629" /><testcase classname="tests.test_tscheck_manual_subscription_management" name="test_send_reminder_creates_notification" time="0.601" /><testcase classname="tests.test_tscheck_manual_subscription_management" name="test_payment_received_marks_paid_and_extends_active" time="0.709" /></testsuite></testsuites>